Using pre-set license

 COMMAND LINE ARGUMENTS:
/Applications/2021.1.0f1/Unity.app/Contents/MacOS/Unity
-adb2
-batchMode
-noUpm
-name
AssetImportWorker0
-projectPath
/Users/takuya/Nreal Test
-logFile
Logs/AssetImportWorker0.log
-srvPort
56209
Successfully changed project path to: /Users/takuya/Nreal Test
/Users/takuya/Nreal Test
Using Asset Import Pipeline V2.
Refreshing native plugins compatible for Editor in 84.20 ms, found 1 plugins.
Preloading 0 native plugins for Editor in 0.00 ms.
Initialize engine version: 2021.1.0f1 (61a549675243)
[Subsystems] Discovering subsystems at path /Applications/2021.1.0f1/Unity.app/Contents/Resources/UnitySubsystems
[Subsystems] Discovering subsystems at path /Users/takuya/Nreal Test/Assets
GfxDevice: creating device client; threaded=0; jobified=0
2022-02-10 01:32:56.407 Unity[14804:915460] (null) preferred device: Apple M1 (high power)
2022-02-10 01:32:56.407 Unity[14804:915460] Metal devices available: 1
2022-02-10 01:32:56.407 Unity[14804:915460] 0: Apple M1 (high power)
2022-02-10 01:32:56.408 Unity[14804:915460] Using device Apple M1 (high power)
Initializing Metal device caps: Apple M1
Initialize mono
Mono path[0] = '/Applications/2021.1.0f1/Unity.app/Contents/Managed'
Mono path[1] = '/Applications/2021.1.0f1/Unity.app/Contents/MonoBleedingEdge/lib/mono/unityjit'
Mono config path = '/Applications/2021.1.0f1/Unity.app/Contents/MonoBleedingEdge/etc'
Using monoOptions --debugger-agent=transport=dt_socket,embedding=1,server=y,suspend=n,address=127.0.0.1:56804
Begin MonoManager ReloadAssembly
Registering precompiled unity dll's ...
Register platform support module: /Applications/2021.1.0f1/PlaybackEngines/WebGLSupport/UnityEditor.WebGL.Extensions.dll
Register platform support module: /Applications/2021.1.0f1/Unity.app/Contents/PlaybackEngines/MacStandaloneSupport/UnityEditor.OSXStandalone.Extensions.dll
Register platform support module: /Applications/2021.1.0f1/PlaybackEngines/WindowsStandaloneSupport/UnityEditor.WindowsStandalone.Extensions.dll
Registered in 0.002815 seconds.
Native extension for WindowsStandalone target not found
Native extension for OSXStandalone target not found
Native extension for WebGL target not found
Refreshing native plugins compatible for Editor in 78.95 ms, found 1 plugins.
Preloading 0 native plugins for Editor in 0.00 ms.
Mono: successfully reloaded assembly
- Completed reload, in  2.986 seconds
Platform modules already initialized, skipping
Registering precompiled user dll's ...
Registered in 0.003492 seconds.
Begin MonoManager ReloadAssembly
Native extension for WindowsStandalone target not found
Native extension for OSXStandalone target not found
Native extension for WebGL target not found
Refreshing native plugins compatible for Editor in 0.57 ms, found 1 plugins.
Preloading 0 native plugins for Editor in 0.00 ms.
Mono: successfully reloaded assembly
- Completed reload, in  2.007 seconds
Platform modules already initialized, skipping
========================================================================
Worker process is ready to serve import requests
Launching external process: /Applications/2021.1.0f1/Unity.app/Contents/Tools/UnityShaderCompiler
Launched and connected shader compiler UnityShaderCompiler after 0.03 seconds
Refreshing native plugins compatible for Editor in 0.52 ms, found 1 plugins.
Preloading 0 native plugins for Editor in 0.00 ms.
Unloading 2977 Unused Serialized files (Serialized files now loaded: 0)
System memory in use before: 184.2 MB.
System memory in use after: 184.4 MB.

Unloading 29 unused Assets to reduce memory usage. Loaded Objects now: 3417.
Total: 1.430209 ms (FindLiveObjects: 0.132083 ms CreateObjectMapping: 0.060500 ms MarkObjects: 1.169875 ms  DeleteObjects: 0.066959 ms)

========================================================================
Received Import Request.
  path: Assets/Scripts/PitchManager_single.cs
  artifactKey: Guid(7a8926f8aa1d7413dbafcb06880c2d7a) Importer(815301076,1909f56bfc062723c751e8b465ee728b)
Start importing Assets/Scripts/PitchManager_single.cs using Guid(7a8926f8aa1d7413dbafcb06880c2d7a) Importer(815301076,1909f56bfc062723c751e8b465ee728b)  -> (artifact id: '2b52aba6cbc0900ce1fe8be2e52be270') in 0.272058 seconds 
========================================================================
Received Import Request.
  Time since last request: 3027.114168 seconds.
  path: Assets/Scripts/PitchManager_single.cs
  artifactKey: Guid(7a8926f8aa1d7413dbafcb06880c2d7a) Importer(815301076,1909f56bfc062723c751e8b465ee728b)
Start importing Assets/Scripts/PitchManager_single.cs using Guid(7a8926f8aa1d7413dbafcb06880c2d7a) Importer(815301076,1909f56bfc062723c751e8b465ee728b)  -> (artifact id: 'd60e5f4b96c89b0ee0466310270425c5') in 0.006691 seconds 
========================================================================
Received Prepare
Registering precompiled user dll's ...
Registered in 0.004815 seconds.
Begin MonoManager ReloadAssembly
Native extension for WindowsStandalone target not found
Native extension for OSXStandalone target not found
Native extension for WebGL target not found
Refreshing native plugins compatible for Editor in 0.55 ms, found 1 plugins.
Preloading 0 native plugins for Editor in 0.00 ms.
Mono: successfully reloaded assembly
- Completed reload, in  1.842 seconds
Platform modules already initialized, skipping
Switching build target platform(2) subTarget(0) extendedPlatform(0) -> platform(13) subTarget(524288) extendedPlatform(0)
Refreshing native plugins compatible for Editor in 0.40 ms, found 1 plugins.
Preloading 0 native plugins for Editor in 0.00 ms.
Unloading 2962 Unused Serialized files (Serialized files now loaded: 0)
System memory in use before: 186.3 MB.
System memory in use after: 186.5 MB.

Unloading 24 unused Assets to reduce memory usage. Loaded Objects now: 3420.
Total: 1.926416 ms (FindLiveObjects: 0.188084 ms CreateObjectMapping: 0.071125 ms MarkObjects: 1.610750 ms  DeleteObjects: 0.054584 ms)

AssetImportParameters requested are different than current active one (requested -> active):
  custom:graphics/normal-map-encoding: 01000000000000000000000000000000 -> 02000000000000000000000000000000
========================================================================
Received Import Request.
  Time since last request: 288.196484 seconds.
  path: Assets/Scripts/PitchManager_single.cs
  artifactKey: Guid(7a8926f8aa1d7413dbafcb06880c2d7a) Importer(815301076,1909f56bfc062723c751e8b465ee728b)
Start importing Assets/Scripts/PitchManager_single.cs using Guid(7a8926f8aa1d7413dbafcb06880c2d7a) Importer(815301076,1909f56bfc062723c751e8b465ee728b)  -> (artifact id: '4b72500d196b43321465744f8e6e208a') in 0.006748 seconds 
